# JRE version: OpenJDK Runtime Environment (17.0.6) (build 17.0.6+0-b2043.56-10027231)
# Java VM: OpenJDK 64-Bit Server VM (17.0.6+0-b2043.56-10027231, mixed mode, tiered, compressed oops, compressed class ptrs, g1 gc, windows-amd64)
GC Precious Log:
 CPUs: 4 total, 4 available
 Memory: 8067M
 Large Page Support: Disabled
 NUMA Support: Disabled
 Compressed Oops: Enabled (32-bit)
 Heap Region Size: 1M
 Heap Min Capacity: 8M
 Heap Initial Capacity: 128M
 Heap Max Capacity: 2G
 Pre-touch: Disabled
 Parallel Workers: 4
 Concurrent Workers: 1
 Concurrent Refinement Workers: 4
 Periodic GC: Disabled
Heap:
 garbage-first heap   total 354304K, used 181838K [0x0000000080000000, 0x0000000100000000)
  region size 1024K, 7 young (7168K), 7 survivors (7168K)
 Metaspace       used 142423K, committed 143296K, reserved 1179648K
  class space    used 18870K, committed 19328K, reserved 1048576K
GC Heap History (20 events):
Event: 94.795 GC heap after
{Heap after GC invocations=63 (full 0):
 garbage-first heap   total 294912K, used 142439K [0x0000000080000000, 0x0000000100000000)
  region size 1024K, 3 young (3072K), 3 survivors (3072K)
 Metaspace       used 140520K, committed 141376K, reserved 1171456K
  class space    used 18697K, committed 19136K, reserved 1048576K
}
Event: 94.999 GC heap before
{Heap before GC invocations=63 (full 0):
 garbage-first heap   total 294912K, used 164967K [0x0000000080000000, 0x0000000100000000)
  region size 1024K, 4 young (4096K), 3 survivors (3072K)
 Metaspace       used 140520K, committed 141376K, reserved 1171456K
  class space    used 18697K, committed 19136K, reserved 1048576K
}
Event: 95.004 GC heap after
{Heap after GC invocations=64 (full 0):
 garbage-first heap   total 294912K, used 142336K [0x0000000080000000, 0x0000000100000000)
  region size 1024K, 2 young (2048K), 2 survivors (2048K)
 Metaspace       used 140520K, committed 141376K, reserved 1171456K
  class space    used 18697K, committed 19136K, reserved 1048576K
}
Event: 95.200 GC heap before
{Heap before GC invocations=64 (full 0):
 garbage-first heap   total 294912K, used 160768K [0x0000000080000000, 0x0000000100000000)
  region size 1024K, 3 young (3072K), 2 survivors (2048K)
 Metaspace       used 140520K, committed 141376K, reserved 1171456K
  class space    used 18697K, committed 19136K, reserved 1048576K
}
Event: 95.205 GC heap after
{Heap after GC invocations=65 (full 0):
 garbage-first heap   total 294912K, used 142523K [0x0000000080000000, 0x0000000100000000)
  region size 1024K, 3 young (3072K), 3 survivors (3072K)
 Metaspace       used 140520K, committed 141376K, reserved 1171456K
  class space    used 18697K, committed 19136K, reserved 1048576K
}
Event: 95.386 GC heap before
{Heap before GC invocations=65 (full 0):
 garbage-first heap   total 294912K, used 160955K [0x0000000080000000, 0x0000000100000000)
  region size 1024K, 4 young (4096K), 3 survivors (3072K)
 Metaspace       used 140520K, committed 141376K, reserved 1171456K
  class space    used 18697K, committed 19136K, reserved 1048576K
}
Event: 95.391 GC heap after
{Heap after GC invocations=66 (full 0):
 garbage-first heap   total 294912K, used 142336K [0x0000000080000000, 0x0000000100000000)
  region size 1024K, 2 young (2048K), 2 survivors (2048K)
 Metaspace       used 140520K, committed 141376K, reserved 1171456K
  class space    used 18697K, committed 19136K, reserved 1048576K
}
Event: 95.517 GC heap before
{Heap before GC invocations=66 (full 0):
 garbage-first heap   total 294912K, used 158720K [0x0000000080000000, 0x0000000100000000)
  region size 1024K, 3 young (3072K), 2 survivors (2048K)
 Metaspace       used 140520K, committed 141376K, reserved 1171456K
  class space    used 18697K, committed 19136K, reserved 1048576K
}
Event: 95.523 GC heap after
{Heap after GC invocations=67 (full 0):
 garbage-first heap   total 354304K, used 142336K [0x0000000080000000, 0x0000000100000000)
  region size 1024K, 2 young (2048K), 2 survivors (2048K)
 Metaspace       used 140520K, committed 141376K, reserved 1171456K
  class space    used 18697K, committed 19136K, reserved 1048576K
}
Event: 95.658 GC heap before
{Heap before GC invocations=67 (full 0):
 garbage-first heap   total 354304K, used 162816K [0x0000000080000000, 0x0000000100000000)
  region size 1024K, 3 young (3072K), 2 survivors (2048K)
 Metaspace       used 140520K, committed 141376K, reserved 1171456K
  class space    used 18697K, committed 19136K, reserved 1048576K
}
Event: 95.665 GC heap after
{Heap after GC invocations=68 (full 0):
 garbage-first heap   total 354304K, used 142425K [0x0000000080000000, 0x0000000100000000)
  region size 1024K, 3 young (3072K), 3 survivors (3072K)
 Metaspace       used 140520K, committed 141376K, reserved 1171456K
  class space    used 18697K, committed 19136K, reserved 1048576K
}
Event: 95.808 GC heap before
{Heap before GC invocations=68 (full 0):
 garbage-first heap   total 354304K, used 160857K [0x0000000080000000, 0x0000000100000000)
  region size 1024K, 4 young (4096K), 3 survivors (3072K)
 Metaspace       used 140520K, committed 141376K, reserved 1171456K
  class space    used 18697K, committed 19136K, reserved 1048576K
}
Event: 95.815 GC heap after
{Heap after GC invocations=69 (full 0):
 garbage-first heap   total 354304K, used 142514K [0x0000000080000000, 0x0000000100000000)
  region size 1024K, 3 young (3072K), 3 survivors (3072K)
 Metaspace       used 140520K, committed 141376K, reserved 1171456K
  class space    used 18697K, committed 19136K, reserved 1048576K
}
Event: 469.729 GC heap before
{Heap before GC invocations=69 (full 0):
 garbage-first heap   total 354304K, used 313522K [0x0000000080000000, 0x0000000100000000)
  region size 1024K, 154 young (157696K), 3 survivors (3072K)
 Metaspace       used 142059K, committed 142976K, reserved 1179648K
  class space    used 18860K, committed 19328K, reserved 1048576K
}
Event: 469.801 GC heap after
{Heap after GC invocations=70 (full 0):
 garbage-first heap   total 354304K, used 165219K [0x0000000080000000, 0x0000000100000000)
  region size 1024K, 21 young (21504K), 21 survivors (21504K)
 Metaspace       used 142059K, committed 142976K, reserved 1179648K
  class space    used 18860K, committed 19328K, reserved 1048576K
}
Event: 499.026 GC heap before
{Heap before GC invocations=70 (full 0):
 garbage-first heap   total 354304K, used 311651K [0x0000000080000000, 0x0000000100000000)
  region size 1024K, 116 young (118784K), 21 survivors (21504K)
 Metaspace       used 142423K, committed 143296K, reserved 1179648K
  class space    used 18870K, committed 19328K, reserved 1048576K
}
Event: 499.076 GC heap after
{Heap after GC invocations=71 (full 0):
 garbage-first heap   total 354304K, used 181694K [0x0000000080000000, 0x0000000100000000)
  region size 1024K, 7 young (7168K), 7 survivors (7168K)
 Metaspace       used 142423K, committed 143296K, reserved 1179648K
  class space    used 18870K, committed 19328K, reserved 1048576K
}
Event: 499.501 GC heap before
{Heap before GC invocations=71 (full 0):
 garbage-first heap   total 354304K, used 228798K [0x0000000080000000, 0x0000000100000000)
  region size 1024K, 8 young (8192K), 7 survivors (7168K)
 Metaspace       used 142423K, committed 143296K, reserved 1179648K
  class space    used 18870K, committed 19328K, reserved 1048576K
}
Event: 499.514 GC heap after
{Heap after GC invocations=72 (full 0):
 garbage-first heap   total 354304K, used 181602K [0x0000000080000000, 0x0000000100000000)
  region size 1024K, 7 young (7168K), 7 survivors (7168K)
 Metaspace       used 142423K, committed 143296K, reserved 1179648K
  class space    used 18870K, committed 19328K, reserved 1048576K
}
Event: 499.873 GC heap before
{Heap before GC invocations=72 (full 0):
 garbage-first heap   total 354304K, used 220514K [0x0000000080000000, 0x0000000100000000)
  region size 1024K, 8 young (8192K), 7 survivors (7168K)
 Metaspace       used 142423K, committed 143296K, reserved 1179648K
  class space    used 18870K, committed 19328K, reserved 1048576K
}

