# JRE version: OpenJDK Runtime Environment (17.0.6) (build 17.0.6+0-b2043.56-10027231)
# Java VM: OpenJDK 64-Bit Server VM (17.0.6+0-b2043.56-10027231, mixed mode, tiered, compressed oops, compressed class ptrs, g1 gc, windows-amd64)
GC Precious Log:
 CPUs: 4 total, 4 available
 Memory: 8067M
 Large Page Support: Disabled
 NUMA Support: Disabled
 Compressed Oops: Enabled (32-bit)
 Heap Region Size: 1M
 Heap Min Capacity: 8M
 Heap Initial Capacity: 128M
 Heap Max Capacity: 2G
 Pre-touch: Disabled
 Parallel Workers: 4
 Concurrent Workers: 1
 Concurrent Refinement Workers: 4
 Periodic GC: Disabled
Heap:
 garbage-first heap   total 104448K, used 62405K [0x0000000080000000, 0x0000000100000000)
  region size 1024K, 10 young (10240K), 4 survivors (4096K)
 Metaspace       used 74894K, committed 75520K, reserved 1122304K
  class space    used 9944K, committed 10240K, reserved 1048576K
GC Heap History (20 events):
Event: 24.490 GC heap before
{Heap before GC invocations=22 (full 0):
 garbage-first heap   total 80896K, used 57975K [0x0000000080000000, 0x0000000100000000)
  region size 1024K, 16 young (16384K), 3 survivors (3072K)
 Metaspace       used 55104K, committed 55616K, reserved 1097728K
  class space    used 7344K, committed 7552K, reserved 1048576K
}
Event: 24.495 GC heap after
{Heap after GC invocations=23 (full 0):
 garbage-first heap   total 80896K, used 45329K [0x0000000080000000, 0x0000000100000000)
  region size 1024K, 2 young (2048K), 2 survivors (2048K)
 Metaspace       used 55104K, committed 55616K, reserved 1097728K
  class space    used 7344K, committed 7552K, reserved 1048576K
}
Event: 25.454 GC heap before
{Heap before GC invocations=23 (full 0):
 garbage-first heap   total 80896K, used 60689K [0x0000000080000000, 0x0000000100000000)
  region size 1024K, 17 young (17408K), 2 survivors (2048K)
 Metaspace       used 57241K, committed 57728K, reserved 1105920K
  class space    used 7645K, committed 7872K, reserved 1048576K
}
Event: 25.458 GC heap after
{Heap after GC invocations=24 (full 0):
 garbage-first heap   total 80896K, used 46050K [0x0000000080000000, 0x0000000100000000)
  region size 1024K, 3 young (3072K), 3 survivors (3072K)
 Metaspace       used 57241K, committed 57728K, reserved 1105920K
  class space    used 7645K, committed 7872K, reserved 1048576K
}
Event: 25.982 GC heap before
{Heap before GC invocations=25 (full 0):
 garbage-first heap   total 86016K, used 60386K [0x0000000080000000, 0x0000000100000000)
  region size 1024K, 17 young (17408K), 3 survivors (3072K)
 Metaspace       used 59726K, committed 60288K, reserved 1105920K
  class space    used 7917K, committed 8192K, reserved 1048576K
}
Event: 25.986 GC heap after
{Heap after GC invocations=26 (full 0):
 garbage-first heap   total 86016K, used 46417K [0x0000000080000000, 0x0000000100000000)
  region size 1024K, 2 young (2048K), 2 survivors (2048K)
 Metaspace       used 59726K, committed 60288K, reserved 1105920K
  class space    used 7917K, committed 8192K, reserved 1048576K
}
Event: 26.069 GC heap before
{Heap before GC invocations=26 (full 0):
 garbage-first heap   total 86016K, used 48465K [0x0000000080000000, 0x0000000100000000)
  region size 1024K, 4 young (4096K), 2 survivors (2048K)
 Metaspace       used 59908K, committed 60480K, reserved 1105920K
  class space    used 7936K, committed 8192K, reserved 1048576K
}
Event: 26.075 GC heap after
{Heap after GC invocations=27 (full 0):
 garbage-first heap   total 86016K, used 46549K [0x0000000080000000, 0x0000000100000000)
  region size 1024K, 1 young (1024K), 1 survivors (1024K)
 Metaspace       used 59908K, committed 60480K, reserved 1105920K
  class space    used 7936K, committed 8192K, reserved 1048576K
}
Event: 27.108 GC heap before
{Heap before GC invocations=27 (full 0):
 garbage-first heap   total 86016K, used 66005K [0x0000000080000000, 0x0000000100000000)
  region size 1024K, 20 young (20480K), 1 survivors (1024K)
 Metaspace       used 64070K, committed 64704K, reserved 1105920K
  class space    used 8499K, committed 8768K, reserved 1048576K
}
Event: 27.114 GC heap after
{Heap after GC invocations=28 (full 0):
 garbage-first heap   total 86016K, used 48202K [0x0000000080000000, 0x0000000100000000)
  region size 1024K, 3 young (3072K), 3 survivors (3072K)
 Metaspace       used 64070K, committed 64704K, reserved 1105920K
  class space    used 8499K, committed 8768K, reserved 1048576K
}
Event: 27.346 GC heap before
{Heap before GC invocations=29 (full 0):
 garbage-first heap   total 104448K, used 61514K [0x0000000080000000, 0x0000000100000000)
  region size 1024K, 13 young (13312K), 3 survivors (3072K)
 Metaspace       used 64072K, committed 64704K, reserved 1105920K
  class space    used 8499K, committed 8768K, reserved 1048576K
}
Event: 27.353 GC heap after
{Heap after GC invocations=30 (full 0):
 garbage-first heap   total 104448K, used 54380K [0x0000000080000000, 0x0000000100000000)
  region size 1024K, 3 young (3072K), 3 survivors (3072K)
 Metaspace       used 64072K, committed 64704K, reserved 1105920K
  class space    used 8499K, committed 8768K, reserved 1048576K
}
Event: 28.260 GC heap before
{Heap before GC invocations=31 (full 0):
 garbage-first heap   total 104448K, used 78956K [0x0000000080000000, 0x0000000100000000)
  region size 1024K, 25 young (25600K), 3 survivors (3072K)
 Metaspace       used 66127K, committed 66688K, reserved 1114112K
  class space    used 8773K, committed 9024K, reserved 1048576K
}
Event: 28.266 GC heap after
{Heap after GC invocations=32 (full 0):
 garbage-first heap   total 104448K, used 51631K [0x0000000080000000, 0x0000000100000000)
  region size 1024K, 2 young (2048K), 2 survivors (2048K)
 Metaspace       used 66127K, committed 66688K, reserved 1114112K
  class space    used 8773K, committed 9024K, reserved 1048576K
}
Event: 29.057 GC heap before
{Heap before GC invocations=32 (full 0):
 garbage-first heap   total 104448K, used 76207K [0x0000000080000000, 0x0000000100000000)
  region size 1024K, 27 young (27648K), 2 survivors (2048K)
 Metaspace       used 68854K, committed 69312K, reserved 1114112K
  class space    used 9150K, committed 9344K, reserved 1048576K
}
Event: 29.062 GC heap after
{Heap after GC invocations=33 (full 0):
 garbage-first heap   total 104448K, used 53059K [0x0000000080000000, 0x0000000100000000)
  region size 1024K, 4 young (4096K), 4 survivors (4096K)
 Metaspace       used 68854K, committed 69312K, reserved 1114112K
  class space    used 9150K, committed 9344K, reserved 1048576K
}
Event: 29.879 GC heap before
{Heap before GC invocations=34 (full 0):
 garbage-first heap   total 104448K, used 79683K [0x0000000080000000, 0x0000000100000000)
  region size 1024K, 30 young (30720K), 4 survivors (4096K)
 Metaspace       used 72439K, committed 73024K, reserved 1114112K
  class space    used 9614K, committed 9856K, reserved 1048576K
}
Event: 29.886 GC heap after
{Heap after GC invocations=35 (full 0):
 garbage-first heap   total 104448K, used 54931K [0x0000000080000000, 0x0000000100000000)
  region size 1024K, 4 young (4096K), 4 survivors (4096K)
 Metaspace       used 72439K, committed 73024K, reserved 1114112K
  class space    used 9614K, committed 9856K, reserved 1048576K
}
Event: 30.661 GC heap before
{Heap before GC invocations=35 (full 0):
 garbage-first heap   total 104448K, used 79507K [0x0000000080000000, 0x0000000100000000)
  region size 1024K, 29 young (29696K), 4 survivors (4096K)
 Metaspace       used 74300K, committed 74880K, reserved 1114112K
  class space    used 9869K, committed 10176K, reserved 1048576K
}
Event: 30.674 GC heap after
{Heap after GC invocations=36 (full 0):
 garbage-first heap   total 104448K, used 57285K [0x0000000080000000, 0x0000000100000000)
  region size 1024K, 4 young (4096K), 4 survivors (4096K)
 Metaspace       used 74300K, committed 74880K, reserved 1114112K
  class space    used 9869K, committed 10176K, reserved 1048576K
}

